<?xml version="1.0" encoding="UTF-8"?>
<robot generator="Robot 4.0rc1 (Python 3.9.1 on darwin)" generated="20240806 13:47:21.504" rpa="false">
<suite id="s1" name="ADMIN LOGIN PAGE" source="/Users/francismiguelramos/automation/python/Talibon/TEST_CASES/CORE/ADMIN_LOGIN_PAGE.robot">
<test id="s1-t1" name="Verify Login Page">
<kw name="Open Browser" library="SeleniumLibrary">
<arg>${url}</arg>
<arg>${browser}</arg>
<doc>Opens a new browser instance to the optional ``url``.</doc>
<msg timestamp="20240806 13:47:21.941" level="INFO">Opening browser 'google chrome' to base url 'https://talibon-core-stg.multisyscorp.io/'.</msg>
<status status="PASS" starttime="20240806 13:47:21.940" endtime="20240806 13:47:25.878"/>
</kw>
<kw name="Admin Login Page" library="KEYWORD_ADMIN_LOGIN_PAGE">
<kw name="Wait Until Page Contains" library="SeleniumLibrary">
<arg>Access to Admin Portal</arg>
<doc>Waits until ``text`` appears on the current page.</doc>
<status status="PASS" starttime="20240806 13:47:25.882" endtime="20240806 13:47:25.913"/>
</kw>
<kw name="Input Text" library="SeleniumLibrary">
<arg>xpath=//input[@id='loginUsername']</arg>
<arg>fvramos@multisyscorp.com</arg>
<doc>Types the given ``text`` into the text field identified by ``locator``.</doc>
<msg timestamp="20240806 13:47:25.915" level="INFO">Typing text 'fvramos@multisyscorp.com' into text field 'xpath=//input[@id='loginUsername']'.</msg>
<status status="PASS" starttime="20240806 13:47:25.914" endtime="20240806 13:47:26.267"/>
</kw>
<kw name="Input Text" library="SeleniumLibrary">
<arg>xpath=//input[@id='loginPassword']</arg>
<arg>Aa123123123@</arg>
<doc>Types the given ``text`` into the text field identified by ``locator``.</doc>
<msg timestamp="20240806 13:47:26.268" level="INFO">Typing text 'Aa123123123@' into text field 'xpath=//input[@id='loginPassword']'.</msg>
<status status="PASS" starttime="20240806 13:47:26.267" endtime="20240806 13:47:26.447"/>
</kw>
<kw name="Click Element" library="SeleniumLibrary">
<arg>xpath=//button[@type='submit']</arg>
<doc>Click the element identified by ``locator``.</doc>
<msg timestamp="20240806 13:47:26.451" level="INFO">Clicking element 'xpath=//button[@type='submit']'.</msg>
<status status="PASS" starttime="20240806 13:47:26.450" endtime="20240806 13:47:26.575"/>
</kw>
<kw name="Wait Until Page Contains" library="SeleniumLibrary">
<arg>Multi-Factor Authentication</arg>
<doc>Waits until ``text`` appears on the current page.</doc>
<status status="PASS" starttime="20240806 13:47:26.575" endtime="20240806 13:47:27.229"/>
</kw>
<kw name="Click Element" library="SeleniumLibrary">
<arg>xpath=//span[normalize-space()='Continue']</arg>
<doc>Click the element identified by ``locator``.</doc>
<msg timestamp="20240806 13:47:27.229" level="INFO">Clicking element 'xpath=//span[normalize-space()='Continue']'.</msg>
<status status="PASS" starttime="20240806 13:47:27.229" endtime="20240806 13:47:27.298"/>
</kw>
<kw name="Sleep" library="BuiltIn">
<arg>3s</arg>
<doc>Pauses the test executed for the given time.</doc>
<msg timestamp="20240806 13:47:30.299" level="INFO">Slept 3 seconds</msg>
<status status="PASS" starttime="20240806 13:47:27.298" endtime="20240806 13:47:30.300"/>
</kw>
<status status="PASS" starttime="20240806 13:47:25.880" endtime="20240806 13:47:30.300"/>
</kw>
<kw name="Close Browser" library="SeleniumLibrary">
<doc>Closes the current browser.</doc>
<status status="PASS" starttime="20240806 13:47:30.301" endtime="20240806 13:47:30.547"/>
</kw>
<status status="PASS" starttime="20240806 13:47:21.939" endtime="20240806 13:47:30.547"/>
</test>
<status status="PASS" starttime="20240806 13:47:21.506" endtime="20240806 13:47:30.549"/>
</suite>
<statistics>
<total>
<stat pass="1" fail="0" skip="0">All Tests</stat>
</total>
<tag>
</tag>
<suite>
<stat pass="1" fail="0" skip="0" id="s1" name="ADMIN LOGIN PAGE">ADMIN LOGIN PAGE</stat>
</suite>
</statistics>
<errors>
</errors>
</robot>
