<?xml version="1.0" encoding="UTF-8"?>
<robot generator="Robot 4.0rc1 (Python 3.9.1 on darwin)" generated="20240807 11:04:06.690" rpa="false">
<suite id="s1" name="LANDING PAGE" source="/Users/francismiguelramos/automation/python/Talibon/TEST_CASES/CITIZEN/LANDING_PAGE.robot">
<test id="s1-t1" name="Verify Login Page">
<kw name="Open Browser" library="SeleniumLibrary">
<arg>${url}</arg>
<arg>${browser}</arg>
<doc>Opens a new browser instance to the optional ``url``.</doc>
<msg timestamp="20240807 11:04:06.910" level="INFO">Opening browser 'google chrome' to base url 'https://talibon-citizen-stg.multisyscorp.io/ovrs'.</msg>
<status status="PASS" starttime="20240807 11:04:06.909" endtime="20240807 11:04:10.220"/>
</kw>
<kw name="Login Page" library="KEYWORD_LANDING_PAGE">
<kw name="Page Should Contain" library="SeleniumLibrary">
<arg>Settle your OVR transactions in 5 steps:</arg>
<doc>Verifies that current page contains ``text``.</doc>
<msg timestamp="20240807 11:04:10.399" level="INFO">Current page contains text 'Settle your OVR transactions in 5 steps:'.</msg>
<status status="PASS" starttime="20240807 11:04:10.223" endtime="20240807 11:04:10.399"/>
</kw>
<kw name="Click Element" library="SeleniumLibrary">
<arg>xpath=//*[normalize-space()='Login']</arg>
<doc>Click the element identified by ``locator``.</doc>
<msg timestamp="20240807 11:04:10.414" level="INFO">Clicking element 'xpath=//*[normalize-space()='Login']'.</msg>
<status status="PASS" starttime="20240807 11:04:10.412" endtime="20240807 11:04:10.895"/>
</kw>
<kw name="Wait Until Page Contains" library="SeleniumLibrary">
<arg>Login</arg>
<doc>Waits until ``text`` appears on the current page.</doc>
<status status="PASS" starttime="20240807 11:04:10.895" endtime="20240807 11:04:10.983"/>
</kw>
<kw name="Sleep" library="BuiltIn">
<arg>3s</arg>
<doc>Pauses the test executed for the given time.</doc>
<msg timestamp="20240807 11:04:13.986" level="INFO">Slept 3 seconds</msg>
<status status="PASS" starttime="20240807 11:04:10.983" endtime="20240807 11:04:13.986"/>
</kw>
<status status="PASS" starttime="20240807 11:04:10.221" endtime="20240807 11:04:13.987"/>
</kw>
<tag>login</tag>
<status status="PASS" starttime="20240807 11:04:06.908" endtime="20240807 11:04:13.987"/>
</test>
<status status="PASS" starttime="20240807 11:04:06.692" endtime="20240807 11:04:13.989"/>
</suite>
<statistics>
<total>
<stat pass="1" fail="0" skip="0">All Tests</stat>
</total>
<tag>
<stat pass="1" fail="0" skip="0">login</stat>
</tag>
<suite>
<stat pass="1" fail="0" skip="0" id="s1" name="LANDING PAGE">LANDING PAGE</stat>
</suite>
</statistics>
<errors>
</errors>
</robot>
