<?xml version="1.0" encoding="UTF-8"?>
<robot generator="Robot 4.0rc1 (Python 3.9.1 on darwin)" generated="20240731 17:21:38.102" rpa="false">
<suite id="s1" name="TRANSACTION" source="/Users/francismiguelramos/automation/python/Talibon/TEST_CASES/CITIZEN/TRANSACTION.robot">
<test id="s1-t1" name="Verify Functionality of Start New Transaction">
<kw name="Open Browser" library="SeleniumLibrary">
<arg>${url}</arg>
<arg>${browser}</arg>
<doc>Opens a new browser instance to the optional ``url``.</doc>
<msg timestamp="20240731 17:21:38.297" level="INFO">Opening browser 'google chrome' to base url 'https://talibon-citizen-stg.multisyscorp.io/ovrs'.</msg>
<status status="PASS" starttime="20240731 17:21:38.297" endtime="20240731 17:21:43.639"/>
</kw>
<kw name="Login Happy" library="KEYWORD_TRANSACTION">
<kw name="Wait Until Element Is Visible" library="SeleniumLibrary">
<arg>xpath=//button[normalize-space()='Login']</arg>
<doc>Waits until the element ``locator`` is visible.</doc>
<status status="PASS" starttime="20240731 17:21:43.642" endtime="20240731 17:21:43.703"/>
</kw>
<kw name="Click Element" library="SeleniumLibrary">
<arg>xpath=/html/body/div[2]/main/div[1]/div/nav/ul/li[3]/div/button[2]</arg>
<doc>Click the element identified by ``locator``.</doc>
<msg timestamp="20240731 17:21:43.704" level="INFO">Clicking element 'xpath=/html/body/div[2]/main/div[1]/div/nav/ul/li[3]/div/button[2]'.</msg>
<status status="PASS" starttime="20240731 17:21:43.703" endtime="20240731 17:21:43.846"/>
</kw>
<kw name="Input Text" library="SeleniumLibrary">
<arg>xpath=//input[@placeholder='+63']</arg>
<arg>9974090810</arg>
<doc>Types the given ``text`` into the text field identified by ``locator``.</doc>
<msg timestamp="20240731 17:21:43.855" level="INFO">Typing text '9974090810' into text field 'xpath=//input[@placeholder='+63']'.</msg>
<status status="PASS" starttime="20240731 17:21:43.847" endtime="20240731 17:21:44.368"/>
</kw>
<kw name="Input Text" library="SeleniumLibrary">
<arg>xpath=//input[@placeholder='______']</arg>
<arg>222222</arg>
<doc>Types the given ``text`` into the text field identified by ``locator``.</doc>
<msg timestamp="20240731 17:21:44.368" level="INFO">Typing text '222222' into text field 'xpath=//input[@placeholder='______']'.</msg>
<status status="PASS" starttime="20240731 17:21:44.368" endtime="20240731 17:21:44.523"/>
</kw>
<kw name="Click Element" library="SeleniumLibrary">
<arg>xpath=//button[@type='submit']</arg>
<doc>Click the element identified by ``locator``.</doc>
<msg timestamp="20240731 17:21:44.524" level="INFO">Clicking element 'xpath=//button[@type='submit']'.</msg>
<status status="PASS" starttime="20240731 17:21:44.523" endtime="20240731 17:21:44.694"/>
</kw>
<kw name="Wait Until Page Contains" library="SeleniumLibrary">
<arg>Successfully Logged In</arg>
<doc>Waits until ``text`` appears on the current page.</doc>
<status status="PASS" starttime="20240731 17:21:44.694" endtime="20240731 17:21:45.797"/>
</kw>
<kw name="Sleep" library="BuiltIn">
<arg>5s</arg>
<doc>Pauses the test executed for the given time.</doc>
<msg timestamp="20240731 17:21:50.799" level="INFO">Slept 5 seconds</msg>
<status status="PASS" starttime="20240731 17:21:45.797" endtime="20240731 17:21:50.799"/>
</kw>
<status status="PASS" starttime="20240731 17:21:43.641" endtime="20240731 17:21:50.800"/>
</kw>
<kw name="New" library="KEYWORD_TRANSACTION">
<kw name="Click Element" library="SeleniumLibrary">
<arg>xpath=//button[normalize-space()='New Transaction']</arg>
<doc>Click the element identified by ``locator``.</doc>
<msg timestamp="20240731 17:21:50.801" level="INFO">Clicking element 'xpath=//button[normalize-space()='New Transaction']'.</msg>
<status status="PASS" starttime="20240731 17:21:50.801" endtime="20240731 17:21:50.904"/>
</kw>
<kw name="Wait Until Page Contains" library="SeleniumLibrary">
<arg>Select Transaction</arg>
<doc>Waits until ``text`` appears on the current page.</doc>
<status status="PASS" starttime="20240731 17:21:50.904" endtime="20240731 17:21:50.930"/>
</kw>
<kw name="Wait Until Element Is Visible" library="SeleniumLibrary">
<arg>xpath=//div[@class='mb-1 font-medium text-primary-base']</arg>
<doc>Waits until the element ``locator`` is visible.</doc>
<status status="PASS" starttime="20240731 17:21:50.931" endtime="20240731 17:21:50.967"/>
</kw>
<kw name="Click Element" library="SeleniumLibrary">
<arg>xpath=//div[@class='mb-1 font-medium text-primary-base']</arg>
<doc>Click the element identified by ``locator``.</doc>
<msg timestamp="20240731 17:21:50.968" level="INFO">Clicking element 'xpath=//div[@class='mb-1 font-medium text-primary-base']'.</msg>
<status status="PASS" starttime="20240731 17:21:50.968" endtime="20240731 17:21:51.065"/>
</kw>
<status status="PASS" starttime="20240731 17:21:50.800" endtime="20240731 17:21:51.066"/>
</kw>
<kw name="Input OVR" library="KEYWORD_TRANSACTION">
<kw name="Wait Until Page Contains Element" library="SeleniumLibrary">
<arg>xpath=//input[@title='Official Violation Receipt (OVR) Number']</arg>
<doc>Waits until the element ``locator`` appears on the current page.</doc>
<status status="PASS" starttime="20240731 17:21:51.068" endtime="20240731 17:21:51.570"/>
</kw>
<kw name="Sleep" library="BuiltIn">
<arg>5s</arg>
<doc>Pauses the test executed for the given time.</doc>
<msg timestamp="20240731 17:21:56.572" level="INFO">Slept 5 seconds</msg>
<status status="PASS" starttime="20240731 17:21:51.571" endtime="20240731 17:21:56.573"/>
</kw>
<kw name="Input Text" library="SeleniumLibrary">
<arg>xpath=//input[@title='Official Violation Receipt (OVR) Number']</arg>
<arg>OR-1234512</arg>
<doc>Types the given ``text`` into the text field identified by ``locator``.</doc>
<msg timestamp="20240731 17:21:56.574" level="INFO">Typing text 'OR-1234512' into text field 'xpath=//input[@title='Official Violation Receipt (OVR) Number']'.</msg>
<status status="PASS" starttime="20240731 17:21:56.573" endtime="20240731 17:21:56.792"/>
</kw>
<kw name="Click Element" library="SeleniumLibrary">
<arg>xpath=//button[normalize-space()='Next']</arg>
<doc>Click the element identified by ``locator``.</doc>
<msg timestamp="20240731 17:21:56.793" level="INFO">Clicking element 'xpath=//button[normalize-space()='Next']'.</msg>
<status status="PASS" starttime="20240731 17:21:56.793" endtime="20240731 17:21:56.905"/>
</kw>
<status status="PASS" starttime="20240731 17:21:51.067" endtime="20240731 17:21:56.908"/>
</kw>
<kw name="Review" library="KEYWORD_TRANSACTION">
<kw name="Wait Until Page Contains" library="SeleniumLibrary">
<arg>Review Violations</arg>
<doc>Waits until ``text`` appears on the current page.</doc>
<msg timestamp="20240731 17:22:02.136" level="INFO" html="true">&lt;/td&gt;&lt;/tr&gt;&lt;tr&gt;&lt;td colspan="3"&gt;&lt;a href="selenium-screenshot-20.png"&gt;&lt;img src="selenium-screenshot-20.png" width="800px"&gt;&lt;/a&gt;</msg>
<msg timestamp="20240731 17:22:02.139" level="FAIL">Text 'Review Violations' did not appear in 5 seconds.</msg>
<status status="FAIL" starttime="20240731 17:21:56.910" endtime="20240731 17:22:02.139"/>
</kw>
<kw name="Sleep 5s">
<status status="NOT RUN" starttime="20240731 17:22:02.154" endtime="20240731 17:22:02.154"/>
</kw>
<kw name="Click Element" library="SeleniumLibrary">
<arg>xpath=//button[normalize-space()='Proceed to Payment']</arg>
<doc>Click the element identified by ``locator``.</doc>
<status status="NOT RUN" starttime="20240731 17:22:02.155" endtime="20240731 17:22:02.155"/>
</kw>
<status status="FAIL" starttime="20240731 17:21:56.908" endtime="20240731 17:22:02.156"/>
</kw>
<kw name="Close Browser" library="SeleniumLibrary">
<doc>Closes the current browser.</doc>
<status status="NOT RUN" starttime="20240731 17:22:02.157" endtime="20240731 17:22:02.157"/>
</kw>
<status status="FAIL" starttime="20240731 17:21:38.296" endtime="20240731 17:22:02.159">Text 'Review Violations' did not appear in 5 seconds.</status>
</test>
<status status="FAIL" starttime="20240731 17:21:38.104" endtime="20240731 17:22:02.164"/>
</suite>
<statistics>
<total>
<stat pass="0" fail="1" skip="0">All Tests</stat>
</total>
<tag>
</tag>
<suite>
<stat pass="0" fail="1" skip="0" id="s1" name="TRANSACTION">TRANSACTION</stat>
</suite>
</statistics>
<errors>
</errors>
</robot>
