<?xml version="1.0" encoding="UTF-8"?>
<robot generator="Robot 4.0rc1 (Python 3.9.1 on darwin)" generated="20240802 14:11:01.891" rpa="false">
<suite id="s1" name="LANDING PAGE" source="/Users/francismiguelramos/automation/python/Talibon/TEST_CASES/CITIZEN/LANDING_PAGE.robot">
<test id="s1-t1" name="Verify Landing Page">
<kw name="Open Browser" library="SeleniumLibrary">
<arg>${url}</arg>
<arg>${browser}</arg>
<doc>Opens a new browser instance to the optional ``url``.</doc>
<msg timestamp="20240802 14:11:02.291" level="INFO">Opening browser 'google chrome' to base url 'https://talibon-citizen-stg.multisyscorp.io/ovrs'.</msg>
<status status="PASS" starttime="20240802 14:11:02.291" endtime="20240802 14:11:04.940"/>
</kw>
<tag>Test</tag>
<status status="PASS" starttime="20240802 14:11:02.290" endtime="20240802 14:11:04.941"/>
</test>
<test id="s1-t2" name="Verify Register Page">
<kw name="Open Browser" library="SeleniumLibrary">
<arg>${url}</arg>
<arg>${browser}</arg>
<doc>Opens a new browser instance to the optional ``url``.</doc>
<msg timestamp="20240802 14:11:04.945" level="INFO">Opening browser 'google chrome' to base url 'https://talibon-citizen-stg.multisyscorp.io/ovrs'.</msg>
<status status="PASS" starttime="20240802 14:11:04.944" endtime="20240802 14:11:09.568"/>
</kw>
<kw name="Register Page" library="KEYWORD_LANDING_PAGE">
<kw name="Wait Until Page Contains" library="SeleniumLibrary">
<arg>Settle your OVR transactions in 5 steps:</arg>
<doc>Waits until ``text`` appears on the current page.</doc>
<status status="PASS" starttime="20240802 14:11:09.570" endtime="20240802 14:11:09.590"/>
</kw>
<kw name="Click Element" library="SeleniumLibrary">
<arg>xpath=//button[normalize-space()='Register']</arg>
<doc>Click the element identified by ``locator``.</doc>
<msg timestamp="20240802 14:11:09.590" level="INFO">Clicking element 'xpath=//button[normalize-space()='Register']'.</msg>
<status status="PASS" starttime="20240802 14:11:09.590" endtime="20240802 14:11:09.727"/>
</kw>
<kw name="Wait Until Page Contains" library="SeleniumLibrary">
<arg>Register</arg>
<doc>Waits until ``text`` appears on the current page.</doc>
<status status="PASS" starttime="20240802 14:11:09.727" endtime="20240802 14:11:09.770"/>
</kw>
<kw name="Sleep" library="BuiltIn">
<arg>3s</arg>
<doc>Pauses the test executed for the given time.</doc>
<msg timestamp="20240802 14:11:12.771" level="INFO">Slept 3 seconds</msg>
<status status="PASS" starttime="20240802 14:11:09.770" endtime="20240802 14:11:12.771"/>
</kw>
<status status="PASS" starttime="20240802 14:11:09.569" endtime="20240802 14:11:12.772"/>
</kw>
<status status="PASS" starttime="20240802 14:11:04.942" endtime="20240802 14:11:12.773"/>
</test>
<test id="s1-t3" name="Verify Login Page">
<kw name="Open Browser" library="SeleniumLibrary">
<arg>${url}</arg>
<arg>${browser}</arg>
<doc>Opens a new browser instance to the optional ``url``.</doc>
<msg timestamp="20240802 14:11:12.776" level="INFO">Opening browser 'google chrome' to base url 'https://talibon-citizen-stg.multisyscorp.io/ovrs'.</msg>
<status status="PASS" starttime="20240802 14:11:12.775" endtime="20240802 14:11:17.010"/>
</kw>
<kw name="Login Page" library="KEYWORD_LANDING_PAGE">
<kw name="Wait Until Element Is Visible" library="SeleniumLibrary">
<arg>xpath=//button[normalize-space()='Login']</arg>
<doc>Waits until the element ``locator`` is visible.</doc>
<status status="PASS" starttime="20240802 14:11:17.015" endtime="20240802 14:11:17.476"/>
</kw>
<kw name="Click Element" library="SeleniumLibrary">
<arg>xpath=/html/body/div[2]/main/div[1]/div/nav/ul/li[3]/div/button[2]</arg>
<doc>Click the element identified by ``locator``.</doc>
<msg timestamp="20240802 14:11:17.477" level="INFO">Clicking element 'xpath=/html/body/div[2]/main/div[1]/div/nav/ul/li[3]/div/button[2]'.</msg>
<status status="PASS" starttime="20240802 14:11:17.477" endtime="20240802 14:11:17.689"/>
</kw>
<kw name="Wait Until Page Contains" library="SeleniumLibrary">
<arg>Login</arg>
<doc>Waits until ``text`` appears on the current page.</doc>
<status status="PASS" starttime="20240802 14:11:17.690" endtime="20240802 14:11:17.907"/>
</kw>
<kw name="Sleep" library="BuiltIn">
<arg>3s</arg>
<doc>Pauses the test executed for the given time.</doc>
<msg timestamp="20240802 14:11:20.914" level="INFO">Slept 3 seconds</msg>
<status status="PASS" starttime="20240802 14:11:17.911" endtime="20240802 14:11:20.915"/>
</kw>
<status status="PASS" starttime="20240802 14:11:17.010" endtime="20240802 14:11:20.915"/>
</kw>
<status status="PASS" starttime="20240802 14:11:12.774" endtime="20240802 14:11:20.916"/>
</test>
<test id="s1-t4" name="Verify E News Page">
<kw name="Open Browser" library="SeleniumLibrary">
<arg>${url}</arg>
<arg>${browser}</arg>
<doc>Opens a new browser instance to the optional ``url``.</doc>
<msg timestamp="20240802 14:11:20.920" level="INFO">Opening browser 'google chrome' to base url 'https://talibon-citizen-stg.multisyscorp.io/ovrs'.</msg>
<status status="PASS" starttime="20240802 14:11:20.918" endtime="20240802 14:11:26.882"/>
</kw>
<kw name="E News" library="KEYWORD_LANDING_PAGE">
<kw name="Wait Until Page Contains" library="SeleniumLibrary">
<arg>Visit E-Talibon News</arg>
<doc>Waits until ``text`` appears on the current page.</doc>
<status status="PASS" starttime="20240802 14:11:26.884" endtime="20240802 14:11:26.907"/>
</kw>
<kw name="Click Element" library="SeleniumLibrary">
<arg>xpath=//span[@class='flex hidden md:block'][normalize-space()='Visit E-Talibon News']</arg>
<doc>Click the element identified by ``locator``.</doc>
<msg timestamp="20240802 14:11:26.908" level="INFO">Clicking element 'xpath=//span[@class='flex hidden md:block'][normalize-space()='Visit E-Talibon News']'.</msg>
<status status="PASS" starttime="20240802 14:11:26.907" endtime="20240802 14:11:27.960"/>
</kw>
<kw name="Wait Until Page Contains" library="SeleniumLibrary">
<arg>WHAT YOU MIGHT BE MISSING</arg>
<doc>Waits until ``text`` appears on the current page.</doc>
<status status="PASS" starttime="20240802 14:11:27.960" endtime="20240802 14:11:28.066"/>
</kw>
<kw name="Click Element" library="SeleniumLibrary">
<arg>xpath=//div[@class='flex items-center gap-4 bg-white text-primary-base rounded-lg p-3 border border-gray-200 focus:ring-4 focus:ring-gray-200']</arg>
<doc>Click the element identified by ``locator``.</doc>
<msg timestamp="20240802 14:11:28.067" level="INFO">Clicking element 'xpath=//div[@class='flex items-center gap-4 bg-white text-primary-base rounded-lg p-3 border border-gray-200 focus:ring-4 focus:ring-gray-200']'.</msg>
<status status="PASS" starttime="20240802 14:11:28.067" endtime="20240802 14:11:28.649"/>
</kw>
<kw name="Click Element" library="SeleniumLibrary">
<arg>xpath=//a[@class='flex items-center gap-4 rounded-lg p-3 hover:bg-gray-200']</arg>
<doc>Click the element identified by ``locator``.</doc>
<msg timestamp="20240802 14:11:28.650" level="INFO">Clicking element 'xpath=//a[@class='flex items-center gap-4 rounded-lg p-3 hover:bg-gray-200']'.</msg>
<status status="PASS" starttime="20240802 14:11:28.649" endtime="20240802 14:11:30.070"/>
</kw>
<status status="PASS" starttime="20240802 14:11:26.883" endtime="20240802 14:11:30.071"/>
</kw>
<status status="PASS" starttime="20240802 14:11:20.917" endtime="20240802 14:11:30.071"/>
</test>
<status status="PASS" starttime="20240802 14:11:01.893" endtime="20240802 14:11:30.074"/>
</suite>
<statistics>
<total>
<stat pass="4" fail="0" skip="0">All Tests</stat>
</total>
<tag>
<stat pass="1" fail="0" skip="0">Test</stat>
</tag>
<suite>
<stat pass="4" fail="0" skip="0" id="s1" name="LANDING PAGE">LANDING PAGE</stat>
</suite>
</statistics>
<errors>
</errors>
</robot>
